  36 5177341
  39 5134632
  39 5136666
  39 5138660
  43 5127138
  45 5123592
  45 5135219
  45 5135728
  46 5135482
  47 5124533
  48 5105185
  55 5104184
  55 5112160
  55 5137598
  56 5125261
  58 5120238
  60 5130169
  62 5104677
  63 5132640
  63 5178242
  64 5132831
  65 5178342
  66 5118997
  66 5133525
  66 5134210
  67 5138181
  70 5123769
  71 5120974
  71 5123844
  71 5125431
  71 5133060
  72 5132226
  74 5124845
  76 5134992
  76 5135064
  77 5128769
  78 5117510
  78 5128721
  78 5135577
  79 5134849
  79 5138351
  79 5140279
  80 5176836
  81 5105550
  81 5133705
  82 5135652
  82 5136779
  83 5129652
  83 5129748
  84 5118674
  84 5129044
  84 5129437
  85 5109280
  85 5138118
  86 5121062
  86 5121312
  86 5123303
  86 5135897
  87 5129551
  87 5177259
  88 5130108
  88 5132855
  89 5106403
  90 5118181
  90 5134334
  90 5134974
  90 5137569
  91 5122369
  91 5130343
  91 5135560
  91 5138414
  92 5119990
  93 5119653
  93 5132738
  94 5131205
  95 5118403
  95 5118586
  95 5121627
  95 5138253
  96 5133299
  97 5126057
  97 5130889
  98 5135622
  98 5138342
  99 5132721
 100 5128494
 100 5136395
 101 5126090
 101 5138237
 102 5131442
 102 5132876
 103 5106090
 103 5120965
 103 5122824
 103 5124029
 103 5134349
 104 5105365
 104 5132498
 104 5133540
 104 5134676
 104 5138066
 104 5138067
 104 5140378
 105 5129643
 105 5138600
 106 5116805
 106 5128946
 106 5129193
 106 5131341
 106 5132778
 106 5138184
 106 5140291
 107 5121436
 107 5121509
 107 5121742
 107 5129850
 107 5129908
 107 5132519
 108 5127247
 108 5133913
 108 5135776
 108 5140348
 109 5122914
 109 5127875
 109 5132204
 109 5133307
 109 5136090
 110 5109765
 110 5112480
 110 5114367
 110 5120839
 110 5120919
 110 5123187
 110 5124680
 110 5129646
 110 5133241
 110 5134029
 111 5107573
 111 5119465
 111 5128514
 111 5129015
 111 5129726
 111 5130420
 111 5138030
 112 5102350
 112 5105276
 112 5105619
 112 5110100
 112 5113720
 112 5122283
 112 5125831
 112 5127314
 112 5132710
 112 5138730
 113 5104682
 113 5105231
 113 5121409
 113 5124501
 113 5125015
 113 5128079
 113 5129557
 113 5166637
 113 5177328
 114 5126280
 114 5135783
 114 5136314
 114 5138009
 115 5121490
 115 5132116
 115 5133439
 115 5133885
 116 5103879
 116 5122587
 116 5123564
 116 5126418
 116 5129798
 116 5137745
 116 5140521
 117 5121935
 117 5122656
 117 5124428
 117 5124669
 117 5125382
 117 5127059
 117 5132190
 117 5136584
 117 5138044
 118 5122857
 118 5123299
 118 5123382
 118 5129402
 118 5132518
 118 5134689
 118 5138431
 119 5102809
 119 5120350
 119 5130797
 119 5131255
 119 5131765
 119 5134713
 119 5135631
 120 5118524
 120 5120267
 120 5124608
 120 5126194
 120 5127606
 120 5128582
 120 5129332
 120 5129720
 120 5132507
 120 5136569
 120 5138486
 120 5138855
 120 5185533
 121 5106388
 121 5113742
 121 5117580
 121 5120840
 121 5124971
 121 5128125
 121 5132205
 121 5177365
 122 5119553
 122 5121933
 122 5122414
 122 5124570
 122 5130180
 122 5130286
 122 5131783
 122 5136252
 122 5138462
 122 5177938
 123 5125277
 123 5128635
 123 5129480
 123 5132723
 123 5133119
 123 5133575
 123 5135677
 124 5119512
 124 5122461
 124 5130277
 124 5133901
 124 5134669
 124 5134684
 124 5134727
 124 5135377
 124 5140273
 125 5104814
 125 5118646
 125 5120062
 125 5121111
 125 5130887
 125 5138853
 126 5104843
 126 5107307
 126 5124138
 126 5125193
 126 5126597
 126 5133057
 126 5136189
 126 5138129
 127 5106870
 127 5120346
 127 5130746
 127 5133949
 127 5134657
 127 5135649
 128 5128308
 128 5132617
 128 5136317
 128 5138559
 129 5101845
 129 5105077
 129 5105611
 129 5111317
 129 5115296
 129 5120443
 129 5120679
 129 5123455
 129 5123516
 129 5124306
 129 5127746
 129 5131199
 129 5131240
 129 5134541
 129 5135875
 129 5138348
 130 5103000
 130 5111459
 130 5119988
 130 5122319
 130 5122873
 130 5123266
 130 5123327
 130 5123940
 130 5124342
 130 5129497
 130 5131573
 130 5133627
 130 5138038
 131 5124510
 131 5127067
 131 5131133
 131 5133376
 131 5184995
 132 5121478
 132 5123271
 132 5124305
 132 5125117
 132 5130355
 132 5133391
 133 5104787
 133 5126818
 133 5127044
 133 5129390
 133 5129871
 133 5129902
 133 5130587
 133 5131376
 133 5136616
 134 5107785
 134 5108017
 134 5119501
 134 5120484
 134 5122671
 134 5124104
 134 5124216
 134 5127251
 134 5130773
 134 5131260
 134 5133122
 134 5134787
 134 5137806
 135 5120369
 135 5121087
 135 5126525
 135 5128059
 135 5131238
 135 5132906
 135 5134341
 135 5138727
 135 5186157
 136 5105614
 136 5119542
 136 5122211
 136 5127965
 136 5128063
 136 5129883
 136 5131369
 136 5131795
 136 5131846
 136 5132777
 136 5132856
 136 5134339
 136 5134368
 136 5136499
 136 5137734
 137 5105661
 137 5122476
 137 5125242
 137 5125699
 137 5128555
 137 5130435
 137 5133635
 137 5138713
 137 5140481
 138 5104294
 138 5128107
 138 5129939
 138 5134620
 138 5136225
 138 5138040
 138 5138831
 138 5140270
 138 5140435
 139 5108460
 139 5119772
 139 5123887
 139 5127749
 139 5128617
 139 5130084
 139 5130805
 139 5133600
 139 5133605
 140 5114553
 140 5119944
 140 5124590
 140 5124923
 140 5125953
 140 5131129
 140 5131203
 140 5131455
 140 5132244
 140 5133930
 140 5138539
 140 5138550
 140 5176866
 141 5104121
 141 5104277
 141 5113818
 141 5121468
 141 5123595
 141 5124287
 141 5124458
 141 5128425
 141 5130203
 141 5130408
 141 5131961
 141 5132318
 141 5134502
 141 5135347
 141 5135418
 141 5177932
 142 5119582
 142 5123182
 142 5123890
 142 5125490
 143 5109779
 143 5120723
 143 5127374
 143 5128644
 143 5131295
 143 5131552
 143 5133414
 143 5134640
 143 5134759
 143 5136068
 144 5104086
 144 5106037
 144 5109111
 144 5123683
 144 5124755
 144 5125611
 144 5131409
 144 5131740
 144 5134107
 144 5135900
 144 5177309
 145 5120329
 145 5120899
 145 5125163
 145 5125222
 145 5126781
 145 5127392
 145 5138269
 146 5104852
 146 5105424
 146 5109722
 146 5111226
 146 5119702
 146 5120532
 146 5124787
 146 5125605
 146 5128280
 146 5134730
 146 5135715
 146 5137874
 146 5138183
 146 5140365
 147 5103952
 147 5105344
 147 5105450
 147 5119151
 147 5121088
 147 5123213
 147 5123624
 147 5126479
 147 5126542
 147 5127682
 147 5127757
 147 5128173
 147 5128726
 147 5132973
 147 5132997
 147 5137980
 148 5122146
 148 5122735
 148 5125111
 148 5126011
 148 5126263
 148 5130491
 148 5132340
 148 5133079
 148 5133887
 148 5134677
 148 5136586
 149 5108124
 149 5109339
 149 5119525
 149 5121193
 149 5122350
 149 5123472
 149 5123791
 149 5124123
 149 5124388
 149 5124571
 149 5124976
 149 5125632
 149 5128547
 149 5131971
 149 5135570
 149 5138657
 150 5117785
 150 5121912
 150 5123796
 150 5124685
 150 5127448
 150 5127483
 150 5130895
 150 5131576
 150 5134335
 150 5138046
 151 5108231
 151 5120796
 151 5121783
 151 5122272
 151 5122899
 151 5122952
 151 5125420
 151 5126048
 151 5127442
 151 5132025
 151 5132971
 151 5133767
 152 5104818
 152 5105190
 152 5120078
 152 5121072
 152 5122534
 152 5122593
 152 5124233
 152 5124731
 152 5124870
 152 5129791
 152 5131189
 152 5131265
 152 5131673
 152 5134506
 152 5136612
 152 5137966
 152 5140225
 153 5101366
 153 5114766
 153 5118654
 153 5119740
 153 5121076
 153 5122750
 153 5126234
 153 5130779
 153 5132699
 153 5134529
 153 5134619
 153 5138477
 153 5138514
 154 5102129
 154 5104229
 154 5117552
 154 5119856
 154 5120421
 154 5121121
 154 5122017
 154 5124739
 154 5125104
 154 5125320
 154 5125501
 154 5129039
 154 5129467
 154 5131333
 154 5137759
 155 5108012
 155 5118536
 155 5120709
 155 5124725
 155 5125748
 155 5126606
 155 5129524
 155 5131771
 155 5132208
 155 5133056
 155 5134099
 155 5135646
 155 5138620
 155 5138805
 156 5113178
 156 5120954
 156 5125024
 156 5128506
 156 5130134
 156 5131786
 156 5133159
 156 5134963
 156 5136523
 156 5139525
 157 5103464
 157 5104720
 157 5104821
 157 5107761
 157 5122222
 157 5122295
 157 5122474
 157 5122845
 157 5125503
 157 5128686
 157 5133311
 157 5144300
 157 5178682
 158 5101835
 158 5111265
 158 5119769
 158 5121508
 158 5125147
 158 5125151
 158 5125646
 158 5126801
 158 5128493
 158 5128542
 158 5132234
 158 5132794
 158 5133734
 158 5133888
 158 5134297
 158 5134662
 158 5138077
 158 5138745
 158 5140506
 159 5104221
 159 5108458
 159 5124297
 159 5124322
 159 5126218
 159 5126812
 159 5128186
 159 5132729
 159 5133168
 159 5138022
 160 5112671
 160 5120927
 160 5123360
 160 5129973
 160 5137992
 160 5138018
 161 5112618
 161 5116424
 161 5119399
 161 5125694
 161 5125941
 161 5126937
 161 5130237
 161 5132615
 161 5132626
 161 5138073
 161 5138609
 162 5104969
 162 5106846
 162 5111107
 162 5123503
 162 5123871
 162 5124906
 162 5131968
 162 5133602
 162 5133788
 163 5104775
 163 5119107
 163 5119759
 163 5121198
 163 5121753
 163 5121905
 163 5122563
 163 5124196
 163 5126093
 163 5131475
 163 5132980
 163 5138064
 164 5105052
 164 5107972
 164 5110986
 164 5113437
 164 5126416
 164 5127190
 164 5127340
 164 5128418
 164 5128818
 164 5130768
 164 5131352
 164 5132643
 164 5133700
 164 5137738
 164 5140303
 164 5140346
 165 5101777
 165 5105148
 165 5111391
 165 5114095
 165 5121442
 165 5122423
 165 5124186
 165 5126156
 165 5128791
 165 5131022
 165 5131558
 165 5132914
 166 5119446
 166 5120646
 166 5121739
 166 5124606
 166 5127427
 166 5129454
 166 5131121
 166 5132859
 166 5137875
 167 5110518
 167 5116476
 167 5119982
 167 5121685
 167 5122255
 167 5127224
 167 5128835
 167 5128974
 167 5129238
 167 5134518
 167 5136641
 168 5104511
 168 5122351
 168 5122373
 168 5122984
 168 5125997
 168 5130755
 168 5131767
 168 5135236
 168 5140379
 169 5121868
 169 5124319
 169 5129254
 169 5131659
 169 5131772
 169 5136383
 169 5140364
 169 5140401
 169 5140473
 169 5166273
 170 5104105
 170 5105572
 170 5109234
 170 5124770
 170 5129626
 170 5133135
 170 5133762
 170 5136298
 170 5137886
 171 5105112
 171 5120637
 171 5127139
 171 5130153
 171 5132597
 171 5136455
 171 5185985
 172 5121396
 172 5121714
 172 5125327
 172 5126970
 172 5128259
 172 5128856
 172 5138522
 173 5105007
 173 5105408
 173 5105504
 173 5120598
 173 5121901
 173 5134219
 174 5108104
 174 5126395
 174 5127225
 174 5127652
 174 5131404
 174 5135844
 175 5124513
 175 5125785
 175 5125949
 175 5128621
 175 5131574
 175 5138274
 176 5109503
 176 5122904
 176 5129627
 176 5132616
 176 5133894
 176 5137963
 176 5176849
 177 5121439
 177 5124331
 177 5133506
 178 5121210
 178 5130236
 178 5132335
 178 5134598
 178 5137994
 178 5138406
 179 5105368
 179 5118288
 179 5118928
 179 5119187
 179 5122081
 179 5123514
 179 5125133
 179 5127681
 179 5129189
 179 5129903
 179 5133803
 179 5135848
 180 5105662
 180 5127549
 180 5137855
 180 5176844
 181 5105586
 181 5120862
 181 5120891
 181 5123579
 181 5124365
 181 5124749
 181 5126604
 181 5127060
 181 5127201
 181 5130200
 181 5130806
 181 5131060
 181 5132353
 181 5134770
 181 5134781
 181 5138696
 181 5176726
 182 5121968
 182 5128073
 182 5130840
 182 5134539
 183 5109433
 183 5109676
 183 5132477
 183 5134504
 183 5137976
 184 5104399
 184 5122503
 184 5136530
 184 5136749
 184 5138586
 185 5104009
 185 5111361
 185 5131291
 185 5131386
 185 5131933
 185 5138091
 186 5124901
 186 5129541
 186 5133362
 186 5133920
 187 5127080
 187 5132677
 187 5134366
 187 5138025
 188 5106824
 188 5119157
 188 5120612
 188 5135651
 188 5140244
 189 5123239
 189 5134743
 190 5109489
 190 5124140
 190 5134625
 190 5135904
 191 5101280
 191 5108344
 191 5127851
 191 5128932
 191 5129766
 192 5117254
 192 5133292
 192 5138024
 193 5122798
 193 5123155
 193 5125893
 193 5126653
 193 5138170
 194 5134321
 195 5136564
 196 5123163
 196 5132021
 196 5134593
 197 5118235
 197 5125643
 197 5125716
 197 5125905
 197 5135804
 198 5123978
 198 5131966
 198 5134373
 198 5135217
 198 5136400
 199 5138622
 200 5124799
 200 5124877
 201 5109828
 201 5125194
 201 5126975
 201 5137815
 202 5178665
 203 5137818
 204 5129373
 204 5135225
 204 5136600
 205 5103972
 205 5107898
 206 5130181
 206 5132166
 207 5127256
 208 5106178
 208 5116636
 208 5125011
 209 5121061
 209 5134768
 211 5127640
 212 5105338
 212 5131323
 212 5133354
 215 5123575
 215 5138357
 215 5138588
 216 5133492
 216 5138206
 220 5132090
 221 5126505
 222 5127722
 222 5138736
 223 5105385
 223 5121171
 223 5126397
 223 5137832
 226 5137752
 227 5130128
 230 5117292
 231 5123731
 232 5110351
 232 5138162
 233 5125634
 234 5134348
 235 5129703
 237 5123380
 238 5110161
 239 5125364
 243 5132175
 246 5128420
 247 5123873
 250 5126546
 254 5125861
 259 5133917
 265 5132227
 265 5134597
 266 5102956
 270 5130705
 271 5122869
 278 5123026
 285 5111410
 287 5134723
 291 5124034
 291 5137787
 294 5131955
 299 5122662
 300 5119822
 305 5126721
 308 5132832
 313 5133150
 319 5138393
 321 5113493
 323 5129224
 338 5109297
 350 5132652
 353 5104020
 364 5138644
 372 5124497
 392 5104174
 412 5132984
 446 5125008
 452 5133388
 453 5119837
 456 5137942
 458 5128698
 477 5132103
 500 5137924
 502 5111205
 541 5104339
 562 5104985
 580 5166631
 645 5116234
 654 5109386
 682 5105362
 757 5120800
 771 5114150
 798 5126311
 806 5135820
 827 5122828
 855 5133893
 992 5114577
1341 5123188
1491 5129608
1590 5105759
1606 5122498
3444 5105782
